<?xml version="1.0" encoding="utf-8"?><testsuites><testsuite name="pytest" errors="0" failures="0" skipped="0" tests="82" time="0.239" timestamp="2025-01-03T23:01:58.302351" hostname="Sunnys-Macbook.local"><testcase classname="tests.test_evaluate" name="test_int" time="0.001" /><testcase classname="tests.test_evaluate" name="test_str" time="0.000" /><testcase classname="tests.test_paths" name="test_local" time="0.000" /><testcase classname="tests.test_paths" name="test_remote" time="0.000" /><testcase classname="tests.test_stack" name="test_print" time="0.000" /><testcase classname="tests.test_stack" name="test_iterate" time="0.000" /><testcase classname="tests.test_state" name="test_eq" time="0.000" /><testcase classname="tests.test_state" name="test_ne_curr" time="0.000" /><testcase classname="tests.test_state" name="test_ne_prev" time="0.000" /><testcase classname="tests.test_tree_conditionals" name="test_tree_conditionals" time="0.004" /><testcase classname="tests.test_tree_parser_unit" name="test_code_block" time="0.000" /><testcase classname="tests.test_tree_parser_unit" name="test_body_block" time="0.000" /><testcase classname="tests.test_tree_parser_unit" name="test_if_block_lone" time="0.000" /><testcase classname="tests.test_tree_parser_unit" name="test_if_block_nested" time="0.000" /><testcase classname="tests.analyse.test_2d_loop" name="test_2d_loop" time="0.001" /><testcase classname="tests.analyse.test_code_block_simple" name="test_code_block_simple" time="0.001" /><testcase classname="tests.analyse.test_elif_not_taken" name="test_elif_not_taken" time="0.001" /><testcase classname="tests.analyse.test_else_taken" name="test_else_taken" time="0.001" /><testcase classname="tests.analyse.test_if_not_taken" name="test_if_not_taken" time="0.001" /><testcase classname="tests.analyse.test_if_simple" name="test_if_simple" time="0.001" /><testcase classname="tests.analyse.test_while" name="test_while" time="0.001" /><testcase classname="tests.analyse.test_while_not_taken" name="test_while_not_taken" time="0.001" /><testcase classname="tests.collapse.test_else_taken" name="test_else_taken" time="0.001" /><testcase classname="tests.collapse.test_if_elif" name="test_if_elif" time="0.001" /><testcase classname="tests.collapse.test_nested_path" name="test_nested_path" time="0.001" /><testcase classname="tests.collapse.test_simple" name="test_simple" time="0.001" /><testcase classname="tests.collapse.counters.test_1d_loop" name="test_1d_loop" time="0.001" /><testcase classname="tests.collapse.counters.test_code_after" name="test_code_after" time="0.001" /><testcase classname="tests.counter.test_constructor" name="test_constructor" time="0.000" /><testcase classname="tests.counter.test_eq" name="test_eq_same_while" time="0.000" /><testcase classname="tests.counter.test_eq" name="test_eq_different_while" time="0.000" /><testcase classname="tests.counter.test_eq" name="test_ne_same_while_same_total" time="0.000" /><testcase classname="tests.counter.test_eq" name="test_ne_same_while_same_iter" time="0.000" /><testcase classname="tests.counter.test_str" name="test_str" time="0.000" /><testcase classname="tests.counter.test_to_dict" name="test_to_dict" time="0.000" /><testcase classname="tests.dataframe.test_changed" name="test_not_in_prev_dataframe" time="0.000" /><testcase classname="tests.dataframe.test_changed" name="test_changed_from_prev" time="0.000" /><testcase classname="tests.dataframe.test_first_frame" name="test_first_frame" time="0.001" /><testcase classname="tests.dataframe.test_first_line" name="test_first_line" time="0.001" /><testcase classname="tests.dataframe.test_simple" name="test_simple" time="0.001" /><testcase classname="tests.dataframe.test_to_dicts" name="test_to_dicts" time="0.001" /><testcase classname="tests.graph.test_code_block" name="test_code_block" time="0.001" /><testcase classname="tests.graph.test_while_1d" name="test_while_1d" time="0.001" /><testcase classname="tests.helper.test_string_utils" name="test_get_stripped_line_all_whitespace" time="0.000" /><testcase classname="tests.helper.test_string_utils" name="test_get_leading_whitespace" time="0.000" /><testcase classname="tests.helper.test_uniq" name="test_no_falses" time="0.000" /><testcase classname="tests.helper.test_uniq" name="test_all_falses" time="0.000" /><testcase classname="tests.helper.test_uniq" name="test_leading_falses" time="0.000" /><testcase classname="tests.helper.test_uniq" name="test_singular_falses" time="0.000" /><testcase classname="tests.helper.test_uniq" name="test_middle_falses" time="0.000" /><testcase classname="tests.helper.test_uniq" name="test_integration" time="0.000" /><testcase classname="tests.line.test_creation" name="test_creation" time="0.000" /><testcase classname="tests.line.test_equals" name="test_equal" time="0.000" /><testcase classname="tests.line.test_equals" name="test_not_equal" time="0.000" /><testcase classname="tests.line.test_fix_lag" name="test_simple" time="0.000" /><testcase classname="tests.line.test_fix_lag" name="test_extend" time="0.000" /><testcase classname="tests.line.test_string_methods" name="test_long_str_no_counters" time="0.000" /><testcase classname="tests.line.test_string_methods" name="test_long_str_one_counter" time="0.000" /><testcase classname="tests.line.test_string_methods" name="test_long_str_counters" time="0.000" /><testcase classname="tests.line_mapping.test_body_block" name="test_body_block" time="0.000" /><testcase classname="tests.line_mapping.test_code_block" name="test_code_block" time="0.000" /><testcase classname="tests.line_mapping.test_if_chain" name="test_if_chain" time="0.000" /><testcase classname="tests.line_mapping.test_nested" name="test_nested" time="0.000" /><testcase classname="tests.line_mapping.test_unit_if" name="test_unit_if" time="0.000" /><testcase classname="tests.line_mapping.test_unit_if_elif" name="test_unit_if_elif" time="0.000" /><testcase classname="tests.tree_parser_parse.test_code_block_program" name="test_code_block_program" time="0.001" /><testcase classname="tests.tree_parser_parse.test_large" name="test_large" time="0.001" /><testcase classname="tests.tree_parser_parse.test_nested_if" name="test_nested_if" time="0.001" /><testcase classname="tests.tree_parser_parse.test_nested_while" name="test_nested_while" time="0.001" /><testcase classname="tests.tree_parser_parse.test_no_nesting" name="test_no_nesting" time="0.000" /><testcase classname="tests.tree_parser_parse.test_start_if" name="test_start_if" time="0.000" /><testcase classname="tests.tree_parser_parse.test_starting_comment" name="test_starting_comment" time="0.000" /><testcase classname="tests.tree_parser_parse.test_while_whole_program" name="test_while_whole_program" time="0.001" /><testcase classname="tests.tree_parser_parse.test_whitespace" name="test_whitespace" time="0.001" /><testcase classname="tests.tree_parser_parse.test_if.test_elif" name="test_elif" time="0.001" /><testcase classname="tests.tree_parser_parse.test_if.test_elif_chain" name="test_elif_chain" time="0.001" /><testcase classname="tests.tree_parser_parse.test_if.test_else" name="test_else" time="0.001" /><testcase classname="tests.tree_parser_parse.test_if.test_nested_if_while" name="test_nested_if_while" time="0.001" /><testcase classname="tests.tree_parser_parse.test_if.test_simple" name="test_simple" time="0.001" /><testcase classname="tests.tree_show_lines.test_inner_level" name="test_inner_level" time="0.001" /><testcase classname="tests.tree_show_lines.test_inner_show" name="test_inner_show" time="0.001" /><testcase classname="tests.tree_show_lines.test_only_outer" name="test_only_outer" time="0.001" /></testsuite></testsuites>